0 3.175243729757121e-05
1 3.292103345326571e-05
2 3.292103345326571e-05
3 3.4480379122738407e-05
4 3.5315572662727226e-05
5 3.5315572662727226e-05
6 3.552882208524801e-05
7 3.6223509135277166e-05
8 3.714515260063168e-05
9 3.724075682988885e-05
10 3.783452049616727e-05
11 3.865347000348728e-05
12 3.875391429648387e-05
13 3.984568655514902e-05
14 3.984568655514902e-05
15 4.019936341232036e-05
16 4.040745166138649e-05
17 4.050916012646531e-05
18 4.1038172569828276e-05
19 4.174112094063402e-05
20 4.197863191044586e-05
21 4.28901981955388e-05
22 4.3079269919102056e-05
23 4.3684844436960634e-05
24 4.3684844436960634e-05
25 4.384802969899532e-05
26 4.4082669115113105e-05
27 4.456924482534353e-05
28 4.483171082346999e-05
29 4.532026293297787e-05
30 4.557305891560502e-05
31 4.5875624935618266e-05
32 4.685963467250245e-05
33 4.685963467250245e-05
34 4.721512927763185e-05
35 4.7280879182827073e-05
36 4.761416777044677e-05
37 4.7803078711144356e-05
38 4.7961743148160085e-05
39 4.826659185782195e-05
40 4.8735845211623855e-05
41 4.9178110099057735e-05
42 4.9859864282776164e-05
43 4.9922349840633595e-05
44 5.0008252592268865e-05
45 5.055777211774595e-05
46 5.055777211774595e-05
47 5.0671406783379594e-05
48 5.101278051326491e-05
49 5.101278051326491e-05
